[debug] [2025-05-05T15:36:00.479Z] ----------------------------------------------------------------------
[debug] [2025-05-05T15:36:00.517Z] Command:       /nix/store/56fk3hhkk2lw9q5wdlq0v1ns65scwja4-nodejs-20.19.0/bin/node /home/user/.global_modules/bin/firebase init functions
[debug] [2025-05-05T15:36:00.518Z] CLI Version:   14.2.2
[debug] [2025-05-05T15:36:00.518Z] Platform:      linux
[debug] [2025-05-05T15:36:00.519Z] Node Version:  v20.19.0
[debug] [2025-05-05T15:36:00.519Z] Time:          Mon May 05 2025 15:36:00 GMT+0000 (Coordinated Universal Time)
[debug] [2025-05-05T15:36:00.519Z] ----------------------------------------------------------------------
[debug] 
[debug] [2025-05-05T15:36:01.057Z] > command requires scopes: ["email","openid","https://www.googleapis.com/auth/cloudplatformprojects.readonly","https://www.googleapis.com/auth/firebase","https://www.googleapis.com/auth/cloud-platform"]
[debug] [2025-05-05T15:36:01.058Z] > authorizing via signed-in user (kathavault@gmail.com)
[info] 
     ######## #### ########  ######## ########     ###     ######  ########
     ##        ##  ##     ## ##       ##     ##  ##   ##  ##       ##
     ######    ##  ########  ######   ########  #########  ######  ######
     ##        ##  ##    ##  ##       ##     ## ##     ##       ## ##
     ##       #### ##     ## ######## ########  ##     ##  ######  ########

You're about to initialize a Firebase project in this directory:

  /home/user/studio

Before we get started, keep in mind:

  * You are initializing within an existing Firebase project directory

[info] 
=== Project Setup
[info] 
[info] First, let's associate this project directory with a Firebase project.
[info] You can create multiple project aliases by running firebase use --add, 
[info] but for now we'll just set up a default project.
[info] 
[debug] [2025-05-05T15:36:01.066Z] Using project from CLI flag: katha-vault
[debug] [2025-05-05T15:36:01.068Z] No OAuth tokens found
[debug] [2025-05-05T15:36:01.068Z] No OAuth tokens found
[debug] [2025-05-05T15:36:01.068Z] > command requires scopes: ["email","openid","https://www.googleapis.com/auth/cloudplatformprojects.readonly","https://www.googleapis.com/auth/firebase","https://www.googleapis.com/auth/cloud-platform"]
[debug] [2025-05-05T15:36:01.069Z] > authorizing via signed-in user (kathavault@gmail.com)
[debug] [2025-05-05T15:36:01.072Z] >>> [apiv2][query] GET https://firebase.googleapis.com/v1beta1/projects/katha-vault [none]
[debug] [2025-05-05T15:36:01.549Z] <<< [apiv2][status] GET https://firebase.googleapis.com/v1beta1/projects/katha-vault 200
[debug] [2025-05-05T15:36:01.550Z] <<< [apiv2][body] GET https://firebase.googleapis.com/v1beta1/projects/katha-vault {"projectId":"katha-vault","projectNumber":"994057837940","displayName":"KATHA VAULT","name":"projects/katha-vault","resources":{"hostingSite":"katha-vault"},"state":"ACTIVE","etag":"1_0dfe1d24-ea80-4f70-8870-f3cdc35946eb"}
[info] i  Using project katha-vault (KATHA VAULT) 
[info] 
=== Functions Setup
[debug] [2025-05-05T15:36:01.564Z] > command requires scopes: ["email","openid","https://www.googleapis.com/auth/cloudplatformprojects.readonly","https://www.googleapis.com/auth/firebase","https://www.googleapis.com/auth/cloud-platform"]
[debug] [2025-05-05T15:36:01.564Z] > authorizing via signed-in user (kathavault@gmail.com)
[debug] [2025-05-05T15:36:01.564Z] [iam] checking project katha-vault for permissions ["firebase.projects.get"]
[debug] [2025-05-05T15:36:01.565Z] No OAuth tokens found
[debug] [2025-05-05T15:36:01.565Z] No OAuth tokens found
[debug] [2025-05-05T15:36:01.565Z] > command requires scopes: ["email","openid","https://www.googleapis.com/auth/cloudplatformprojects.readonly","https://www.googleapis.com/auth/firebase","https://www.googleapis.com/auth/cloud-platform"]
[debug] [2025-05-05T15:36:01.565Z] > authorizing via signed-in user (kathavault@gmail.com)
[debug] [2025-05-05T15:36:01.565Z] >>> [apiv2][query] POST https://cloudresourcemanager.googleapis.com/v1/projects/katha-vault:testIamPermissions [none]
[debug] [2025-05-05T15:36:01.566Z] >>> [apiv2][(partial)header] POST https://cloudresourcemanager.googleapis.com/v1/projects/katha-vault:testIamPermissions x-goog-quota-user=projects/katha-vault
[debug] [2025-05-05T15:36:01.566Z] >>> [apiv2][body] POST https://cloudresourcemanager.googleapis.com/v1/projects/katha-vault:testIamPermissions {"permissions":["firebase.projects.get"]}
[debug] [2025-05-05T15:36:02.342Z] <<< [apiv2][status] POST https://cloudresourcemanager.googleapis.com/v1/projects/katha-vault:testIamPermissions 200
[debug] [2025-05-05T15:36:02.342Z] <<< [apiv2][body] POST https://cloudresourcemanager.googleapis.com/v1/projects/katha-vault:testIamPermissions {"permissions":["firebase.projects.get"]}
[debug] [2025-05-05T15:36:02.347Z] No OAuth tokens found
[debug] [2025-05-05T15:36:02.348Z] No OAuth tokens found
[debug] [2025-05-05T15:36:02.348Z] > command requires scopes: ["email","openid","https://www.googleapis.com/auth/cloudplatformprojects.readonly","https://www.googleapis.com/auth/firebase","https://www.googleapis.com/auth/cloud-platform"]
[debug] [2025-05-05T15:36:02.348Z] > authorizing via signed-in user (kathavault@gmail.com)
[debug] [2025-05-05T15:36:02.353Z] No OAuth tokens found
[debug] [2025-05-05T15:36:02.354Z] No OAuth tokens found
[debug] [2025-05-05T15:36:02.354Z] > command requires scopes: ["email","openid","https://www.googleapis.com/auth/cloudplatformprojects.readonly","https://www.googleapis.com/auth/firebase","https://www.googleapis.com/auth/cloud-platform"]
[debug] [2025-05-05T15:36:02.354Z] > authorizing via signed-in user (kathavault@gmail.com)
[debug] [2025-05-05T15:36:02.354Z] >>> [apiv2][query] GET https://serviceusage.googleapis.com/v1/projects/katha-vault/services/cloudfunctions.googleapis.com [none]
[debug] [2025-05-05T15:36:02.354Z] >>> [apiv2][(partial)header] GET https://serviceusage.googleapis.com/v1/projects/katha-vault/services/cloudfunctions.googleapis.com x-goog-quota-user=projects/katha-vault
[debug] [2025-05-05T15:36:02.358Z] >>> [apiv2][query] GET https://serviceusage.googleapis.com/v1/projects/katha-vault/services/runtimeconfig.googleapis.com [none]
[debug] [2025-05-05T15:36:02.358Z] >>> [apiv2][(partial)header] GET https://serviceusage.googleapis.com/v1/projects/katha-vault/services/runtimeconfig.googleapis.com x-goog-quota-user=projects/katha-vault
[debug] [2025-05-05T15:36:03.463Z] <<< [apiv2][status] GET https://serviceusage.googleapis.com/v1/projects/katha-vault/services/runtimeconfig.googleapis.com 200
[debug] [2025-05-05T15:36:03.464Z] <<< [apiv2][body] GET https://serviceusage.googleapis.com/v1/projects/katha-vault/services/runtimeconfig.googleapis.com [omitted]
[debug] [2025-05-05T15:36:03.494Z] <<< [apiv2][status] GET https://serviceusage.googleapis.com/v1/projects/katha-vault/services/cloudfunctions.googleapis.com 200
[debug] [2025-05-05T15:36:03.500Z] <<< [apiv2][body] GET https://serviceusage.googleapis.com/v1/projects/katha-vault/services/cloudfunctions.googleapis.com [omitted]
[info] 
Detected existing codebase(s): default

[info] Let's create a new codebase for your functions.
[info] A directory corresponding to the codebase will be created in your project
[info] with sample code pre-configured.

[info] See https://firebase.google.com/docs/functions/organize-functions for
[info] more information on organizing your functions using codebases.

[info] Functions can be deployed with firebase deploy.

[error] Invalid codebase name. Codebase must be less than 64 characters and can contain only lowercase letters, numeric characters, underscores, and dashes.
[error] Invalid codebase name. Codebase must be less than 64 characters and can contain only lowercase letters, numeric characters, underscores, and dashes.
[error] Invalid codebase name. Codebase must be less than 64 characters and can contain only lowercase letters, numeric characters, underscores, and dashes.
